<?xml version="1.0" encoding="UTF-8"?>
<testsuite name="Test" tests="2" skipped="0" failures="0" errors="0" timestamp="2023-03-15T08:05:27" hostname="WINNIETHEPOOH" time="0.043">
  <properties/>
  <testcase name="[1] 1, 2, 3, 非三角形" classname="Test" time="0.035"/>
  <testcase name="[2] -1, 2, 3, 输入错误" classname="Test" time="0.001"/>
  <system-out><![CDATA[]]></system-out>
  <system-err><![CDATA[]]></system-err>
</testsuite>
